<?xml version="1.0" encoding="UTF-8"?>
<!-- Generated by org.testng.reporters.JUnitReportReporter -->
<testsuite hostname="DESKTOP-8G2P25I" failures="0" tests="1" name="FirstGet" time="11.774" errors="0" timestamp="2023-05-10T10:30:01 IST" skipped="0">
  <testcase classname="FirstGet" name="testcase01" time="11.774"/>
  <system-out/>
</testsuite> <!-- FirstGet -->
