<?xml version="1.0" encoding="UTF-8"?>
<!-- Generated by org.testng.reporters.JUnitReportReporter -->
<testsuite hostname="DESKTOP-8G2P25I" failures="0" tests="1" name="FirstGet" time="7.385" errors="0" timestamp="2023-04-16T14:55:32 IST" skipped="0">
  <testcase classname="FirstGet" name="testcase01" time="7.385"/>
  <system-out/>
</testsuite> <!-- FirstGet -->
